Log file open, 06/23/26 15:04:33
LogWindows: Failed to load 'aqProf.dll' (GetLastError=126)
LogWindows: File 'aqProf.dll' does not exist
LogProfilingDebugging: Loading WinPixEventRuntime.dll for PIX profiling (from ../../../Engine/Binaries/ThirdParty/Windows/WinPixEventRuntime/x64).
LogWindows: Failed to load 'VtuneApi.dll' (GetLastError=126)
LogWindows: File 'VtuneApi.dll' does not exist
LogWindows: Failed to load 'VtuneApi32e.dll' (GetLastError=126)
LogWindows: File 'VtuneApi32e.dll' does not exist
LogWindows: Enabling Tpause support
LogTrace: Initializing trace...
LogTrace: Finished trace initialization.
LogStats: Stats thread started at 0.024400
LogInit: Session CrashGUID >====================================================
         Session CrashGUID >   UECC-Windows-664E3F484BB1EA274C133CBC7698AB78
         Session CrashGUID >====================================================
LogConfig: No local boot hotfix file found at: [../../../SwitchboardListenerCmd/Saved/PersistentDownloadDir/HotfixForNextBoot.txt]
LogInit: ExecutableName: SwitchboardListenerCmd.exe
LogInit: Build: ++UE5+Release-5.4-CL-35576357
LogInit: Platform=Windows
LogInit: MachineId=0402017c4f53af98ef8c87a207e0afd4
LogInit: DeviceId=
LogInit: Engine Version: 5.4.4-35576357+++UE5+Release-5.4
LogInit: Compatible Engine Version: 5.4.0-33043543+++UE5+Release-5.4
LogInit: Net CL: 33043543
LogInit: OS: Windows 11 (25H2) [10.0.26200.8655] (), CPU: 13th Gen Intel(R) Core(TM) i5-13400F, GPU: NVIDIA GeForce RTX 4090
LogInit: Compiled (64-bit): Jun 23 2026 13:01:24
LogInit: Architecture: x64
LogInit: Compiled with Visual C++: 19.38.33135.00
LogInit: Build Configuration: Development
LogInit: Branch Name: ++UE5+Release-5.4
LogInit: Command Line: 
LogInit: Base Directory: G:/UEPackage/RacingSimulator/SwitchboardListener5.4/Engine/Binaries/Win64/
LogInit: Allocator: Mimalloc
LogInit: Installed Engine Build: 0
LogInit: This binary is optimized with LTO: no, PGO: no, instrumented for PGO data collection: no
LogDevObjectVersion: Number of dev versions registered: 36
LogDevObjectVersion:   Dev-Blueprints (B0D832E4-1F89-4F0D-ACCF-7EB736FD4AA2): 10
LogDevObjectVersion:   Dev-Build (E1C64328-A22C-4D53-A36C-8E866417BD8C): 0
LogDevObjectVersion:   Dev-Core (375EC13C-06E4-48FB-B500-84F0262A717E): 4
LogDevObjectVersion:   Dev-Editor (E4B068ED-F494-42E9-A231-DA0B2E46BB41): 40
LogDevObjectVersion:   Dev-Framework (CFFC743F-43B0-4480-9391-14DF171D2073): 37
LogDevObjectVersion:   Dev-Mobile (B02B49B5-BB20-44E9-A304-32B752E40360): 3
LogDevObjectVersion:   Dev-Networking (A4E4105C-59A1-49B5-A7C5-40C4547EDFEE): 0
LogDevObjectVersion:   Dev-Online (39C831C9-5AE6-47DC-9A44-9C173E1C8E7C): 0
LogDevObjectVersion:   Dev-Physics (78F01B33-EBEA-4F98-B9B4-84EACCB95AA2): 20
LogDevObjectVersion:   Dev-Platform (6631380F-2D4D-43E0-8009-CF276956A95A): 0
LogDevObjectVersion:   Dev-Rendering (12F88B9F-8875-4AFC-A67C-D90C383ABD29): 48
LogDevObjectVersion:   Dev-Sequencer (7B5AE74C-D270-4C10-A958-57980B212A5A): 13
LogDevObjectVersion:   Dev-VR (D7296918-1DD6-4BDD-9DE2-64A83CC13884): 3
LogDevObjectVersion:   Dev-LoadTimes (C2A15278-BFE7-4AFE-6C17-90FF531DF755): 1
LogDevObjectVersion:   Private-Geometry (6EACA3D4-40EC-4CC1-B786-8BED09428FC5): 3
LogDevObjectVersion:   Dev-AnimPhys (29E575DD-E0A3-4627-9D10-D276232CDCEA): 17
LogDevObjectVersion:   Dev-Anim (AF43A65D-7FD3-4947-9873-3E8ED9C1BB05): 15
LogDevObjectVersion:   Dev-ReflectionCapture (6B266CEC-1EC7-4B8F-A30B-E4D90942FC07): 1
LogDevObjectVersion:   Dev-Automation (0DF73D61-A23F-47EA-B727-89E90C41499A): 1
LogDevObjectVersion:   FortniteMain (601D1886-AC64-4F84-AA16-D3DE0DEAC7D6): 134
LogDevObjectVersion:   FortniteValkyrie (8DBC2C5B-54A7-43E0-A768-FCBB7DA29060): 8
LogDevObjectVersion:   FortniteSeason (5B4C06B7-2463-4AF8-805B-BF70CDF5D0DD): 12
LogDevObjectVersion:   FortniteRelease (E7086368-6B23-4C58-8439-1B7016265E91): 13
LogDevObjectVersion:   Dev-Enterprise (9DFFBCD6-494F-0158-E221-12823C92A888): 10
LogDevObjectVersion:   Dev-Niagara (F2AED0AC-9AFE-416F-8664-AA7FFA26D6FC): 1
LogDevObjectVersion:   Dev-Destruction (174F1F0B-B4C6-45A5-B13F-2EE8D0FB917D): 10
LogDevObjectVersion:   Dev-Physics-Ext (35F94A83-E258-406C-A318-09F59610247C): 41
LogDevObjectVersion:   Dev-PhysicsMaterial-Chaos (B68FC16E-8B1B-42E2-B453-215C058844FE): 1
LogDevObjectVersion:   Dev-CineCamera (B2E18506-4273-CFC2-A54E-F4BB758BBA07): 1
LogDevObjectVersion:   Dev-VirtualProduction (64F58936-FD1B-42BA-BA96-7289D5D0FA4E): 1
LogDevObjectVersion:   UE5-Main (697DD581-E64F-41AB-AA4A-51ECBEB7B628): 119
LogDevObjectVersion:   UE5-Release (D89B5E42-24BD-4D46-8412-ACA8DF641779): 51
LogDevObjectVersion:   UE5-PrivateFrosty (59DA5D52-1232-4948-B878-597870B8E98B): 8
LogDevObjectVersion:   UE5-Dev-Cooker (26075A32-730F-4708-88E9-8C32F1599D05): 0
LogDevObjectVersion:   Dev-MediaFramework (6F0ED827-A609-4895-9C91-998D90180EA4): 2
LogDevObjectVersion:   UE5-Dev-LWCRendering (30D58BE3-95EA-4282-A6E3-B159D8EBB06A): 1
LogInit: Presizing for max 2097152 objects, including 0 objects not considered by GC, pre-allocating 0 bytes for permanent pool.
LogInit: Object subsystem initialized
LogConfig: Applying CVar settings from Section [Startup] File [../../../Engine/Config/ConsoleVariables.ini]
LogConfig: Applying CVar settings from Section [Startup_Windows] File [../../../Engine/Config/ConsoleVariables.ini]
LogConfig: Applying CVar settings from Section [ConsoleVariables] File [Engine]
LogInit: Computer: SZ-HOWARD
LogInit: User: 60585
LogInit: CPU Page size=4096, Cores=10
LogInit: High frequency timer resolution =10.000000 MHz
LogMemory: Memory total: Physical=31.8GB (32GB approx) Virtual=65.8GB
LogMemory: Platform Memory Stats for Windows
LogMemory: Process Physical Memory: 46.02 MB used, 46.89 MB peak
LogMemory: Process Virtual Memory: 76.75 MB used, 76.75 MB peak
LogMemory: Physical Memory: 28238.02 MB used,  4329.73 MB free, 32567.75 MB total
LogMemory: Virtual Memory: 46630.91 MB used,  20752.85 MB free, 67383.75 MB total
LogUObjectArray: 296 objects as part of root set at end of initial load.
LogUObjectAllocator: 40432 out of 0 bytes used by permanent object pool.
LogUObjectArray: CloseDisregardForGC: 0/0 objects in disregard for GC pool
LogPaths: Warning: No paths for game localization data were specifed in the game configuration.
LogInit: Using OS detected language ().
LogInit: Using OS detected locale ().
LogInit: Warning: No paths for engine localization data were specifed in the engine configuration.
LogTextLocalizationManager: No localization for '' exists, so 'en' will be used for the language.
LogTextLocalizationManager: No localization for '' exists, so 'en' will be used for the locale.
LogInit: Using OS detected language ().
LogInit: Using OS detected locale ().
LogTextLocalizationManager: No localization for '' exists, so 'en' will be used for the language.
LogTextLocalizationManager: No localization for '' exists, so 'en' will be used for the locale.
LogSwitchboard: Display: SwitchboardListener 3.1.1
LogSwitchboard: Display: Successfully initialized engine.
LogInit: WinSock: version 1.1 (2.2), MaxSocks=32767, MaxUdp=65467
LogSwitchboard: Display: Successfully initialized socket system.
LogSwitchboard: Verbose: FScopedNvApi InstanceCount incremented to 1
LogSwitchboard: Warning: Defaulting to: -ip=0.0.0.0
LogSwitchboard: Warning: Defaulting to: -port=2980
LogSwitchboard: Verbose: FScopedNvApi InstanceCount decremented to 0
LogSwitchboard: Warning: Couldn't initialize secure heap
LogSwitchboard: Verbose: FSwitchboardAuthHelper::Initialize: Loading private key from file C:\Users\60585\AppData\Local/SwitchboardListener/transportkey.key
LogSwitchboard: Verbose: FSwitchboardAuthHelper::Initialize: Loading certificate from file C:\Users\60585\AppData\Local/SwitchboardListener/transportcert.pem
LogSwitchboard: Verbose: Generating new password hash salt
LogSwitchboard: Display: Using stored password
LogSwitchboard: Display: Storing provided password
LogSwitchboard: Verbose: Ignoring tokens issued prior to 2026-06-22T07:01:34.000Z UTC
LogSwitchboard: Display: Initialized and listening
LogCore: Engine exit requested (reason: ConsoleCtrl RequestExit)
