2026-06-23 14:38:41.474 INFO     Copying cwrsync
2026-06-23 14:38:42.610 INFO     Writing cwrsync fstab
2026-06-23 14:38:42.611 INFO     VENV_DIR: D:\Epic Games\UnrealEngine-5.4.4-release\Engine\Extras\ThirdPartyNotUE\SwitchboardThirdParty\Python
2026-06-23 14:38:42.611 INFO     Creating virtual environment
2026-06-23 14:38:47.077 INFO     post_setup() - calling install_scripts()
2026-06-23 14:38:47.077 INFO     post_setup() - invoking pip install
2026-06-23 14:38:48.070 INFO     pip> Collecting pyside6-essentials==6.5.3 (from -r D:\Epic Games\UnrealEngine-5.4.4-release\Engine\Extras\ThirdPartyNotUE\SwitchboardThirdParty\requirements.txt (line 1))
2026-06-23 14:38:48.073 INFO     pip>   Using cached PySide6_Essentials-6.5.3-cp37-abi3-win_amd64.whl.metadata (3.5 kB)
2026-06-23 14:38:48.231 INFO     pip> Collecting python-osc==1.8.3 (from -r D:\Epic Games\UnrealEngine-5.4.4-release\Engine\Extras\ThirdPartyNotUE\SwitchboardThirdParty\requirements.txt (line 2))
2026-06-23 14:38:48.236 INFO     pip>   Using cached python_osc-1.8.3-py3-none-any.whl.metadata (6.2 kB)
2026-06-23 14:38:48.389 INFO     pip> Collecting requests==2.24.0 (from -r D:\Epic Games\UnrealEngine-5.4.4-release\Engine\Extras\ThirdPartyNotUE\SwitchboardThirdParty\requirements.txt (line 3))
2026-06-23 14:38:48.392 INFO     pip>   Using cached requests-2.24.0-py2.py3-none-any.whl.metadata (6.9 kB)
2026-06-23 14:38:48.538 INFO     pip> Collecting six==1.15.0 (from -r D:\Epic Games\UnrealEngine-5.4.4-release\Engine\Extras\ThirdPartyNotUE\SwitchboardThirdParty\requirements.txt (line 4))
2026-06-23 14:38:48.541 INFO     pip>   Using cached six-1.15.0-py2.py3-none-any.whl.metadata (1.8 kB)
2026-06-23 14:38:48.713 INFO     pip> Collecting aioquic==0.9.21 (from -r D:\Epic Games\UnrealEngine-5.4.4-release\Engine\Extras\ThirdPartyNotUE\SwitchboardThirdParty\requirements.txt (line 5))
2026-06-23 14:38:48.717 INFO     pip>   Using cached aioquic-0.9.21-cp37-abi3-win_amd64.whl.metadata (5.3 kB)
2026-06-23 14:38:48.882 INFO     pip> Collecting shiboken6==6.5.3 (from pyside6-essentials==6.5.3->-r D:\Epic Games\UnrealEngine-5.4.4-release\Engine\Extras\ThirdPartyNotUE\SwitchboardThirdParty\requirements.txt (line 1))
2026-06-23 14:38:48.884 INFO     pip>   Using cached shiboken6-6.5.3-cp37-abi3-win_amd64.whl.metadata (2.3 kB)
2026-06-23 14:38:49.060 INFO     pip> Collecting chardet<4,>=3.0.2 (from requests==2.24.0->-r D:\Epic Games\UnrealEngine-5.4.4-release\Engine\Extras\ThirdPartyNotUE\SwitchboardThirdParty\requirements.txt (line 3))
2026-06-23 14:38:49.062 INFO     pip>   Using cached chardet-3.0.4-py2.py3-none-any.whl.metadata (3.2 kB)
2026-06-23 14:38:50.790 INFO     pip> Collecting idna<3,>=2.5 (from requests==2.24.0->-r D:\Epic Games\UnrealEngine-5.4.4-release\Engine\Extras\ThirdPartyNotUE\SwitchboardThirdParty\requirements.txt (line 3))
2026-06-23 14:38:50.793 INFO     pip>   Using cached idna-2.10-py2.py3-none-any.whl.metadata (9.1 kB)
2026-06-23 14:38:50.950 INFO     pip> Collecting urllib3!=1.25.0,!=1.25.1,<1.26,>=1.21.1 (from requests==2.24.0->-r D:\Epic Games\UnrealEngine-5.4.4-release\Engine\Extras\ThirdPartyNotUE\SwitchboardThirdParty\requirements.txt (line 3))
2026-06-23 14:38:50.953 INFO     pip>   Using cached urllib3-1.25.11-py2.py3-none-any.whl.metadata (41 kB)
2026-06-23 14:38:51.128 INFO     pip> Collecting certifi>=2017.4.17 (from requests==2.24.0->-r D:\Epic Games\UnrealEngine-5.4.4-release\Engine\Extras\ThirdPartyNotUE\SwitchboardThirdParty\requirements.txt (line 3))
2026-06-23 14:38:51.132 INFO     pip>   Using cached certifi-2026.6.17-py3-none-any.whl.metadata (2.5 kB)
2026-06-23 14:38:51.295 INFO     pip> Collecting pylsqpack<0.4.0,>=0.3.3 (from aioquic==0.9.21->-r D:\Epic Games\UnrealEngine-5.4.4-release\Engine\Extras\ThirdPartyNotUE\SwitchboardThirdParty\requirements.txt (line 5))
2026-06-23 14:38:51.299 INFO     pip>   Using cached pylsqpack-0.3.24-cp310-abi3-win_amd64.whl.metadata (2.1 kB)
2026-06-23 14:38:51.542 INFO     pip> Collecting pyopenssl>=22 (from aioquic==0.9.21->-r D:\Epic Games\UnrealEngine-5.4.4-release\Engine\Extras\ThirdPartyNotUE\SwitchboardThirdParty\requirements.txt (line 5))
2026-06-23 14:38:51.545 INFO     pip>   Using cached pyopenssl-26.3.0-py3-none-any.whl.metadata (22 kB)
2026-06-23 14:38:51.819 INFO     pip> Collecting cryptography<50,>=49.0.0 (from pyopenssl>=22->aioquic==0.9.21->-r D:\Epic Games\UnrealEngine-5.4.4-release\Engine\Extras\ThirdPartyNotUE\SwitchboardThirdParty\requirements.txt (line 5))
2026-06-23 14:38:51.823 INFO     pip>   Using cached cryptography-49.0.0-cp311-abi3-win_amd64.whl.metadata (4.3 kB)
2026-06-23 14:38:51.993 INFO     pip> Collecting typing-extensions>=4.9 (from pyopenssl>=22->aioquic==0.9.21->-r D:\Epic Games\UnrealEngine-5.4.4-release\Engine\Extras\ThirdPartyNotUE\SwitchboardThirdParty\requirements.txt (line 5))
2026-06-23 14:38:51.995 INFO     pip>   Using cached typing_extensions-4.15.0-py3-none-any.whl.metadata (3.3 kB)
2026-06-23 14:38:52.219 INFO     pip> Collecting cffi>=2.0.0 (from cryptography<50,>=49.0.0->pyopenssl>=22->aioquic==0.9.21->-r D:\Epic Games\UnrealEngine-5.4.4-release\Engine\Extras\ThirdPartyNotUE\SwitchboardThirdParty\requirements.txt (line 5))
2026-06-23 14:38:52.222 INFO     pip>   Using cached cffi-2.0.0-cp311-cp311-win_amd64.whl.metadata (2.6 kB)
2026-06-23 14:38:52.373 INFO     pip> Collecting pycparser (from cffi>=2.0.0->cryptography<50,>=49.0.0->pyopenssl>=22->aioquic==0.9.21->-r D:\Epic Games\UnrealEngine-5.4.4-release\Engine\Extras\ThirdPartyNotUE\SwitchboardThirdParty\requirements.txt (line 5))
2026-06-23 14:38:52.375 INFO     pip>   Using cached pycparser-3.0-py3-none-any.whl.metadata (8.2 kB)
2026-06-23 14:38:52.385 INFO     pip> Using cached PySide6_Essentials-6.5.3-cp37-abi3-win_amd64.whl (73.3 MB)
2026-06-23 14:38:52.571 INFO     pip> Using cached python_osc-1.8.3-py3-none-any.whl (33 kB)
2026-06-23 14:38:52.574 INFO     pip> Using cached requests-2.24.0-py2.py3-none-any.whl (61 kB)
2026-06-23 14:38:52.578 INFO     pip> Using cached six-1.15.0-py2.py3-none-any.whl (10 kB)
2026-06-23 14:38:52.580 INFO     pip> Using cached aioquic-0.9.21-cp37-abi3-win_amd64.whl (1.0 MB)
2026-06-23 14:38:52.587 INFO     pip> Using cached shiboken6-6.5.3-cp37-abi3-win_amd64.whl (1.1 MB)
2026-06-23 14:38:52.597 INFO     pip> Using cached certifi-2026.6.17-py3-none-any.whl (133 kB)
2026-06-23 14:38:52.601 INFO     pip> Using cached chardet-3.0.4-py2.py3-none-any.whl (133 kB)
2026-06-23 14:38:52.604 INFO     pip> Using cached idna-2.10-py2.py3-none-any.whl (58 kB)
2026-06-23 14:38:52.608 INFO     pip> Using cached pylsqpack-0.3.24-cp310-abi3-win_amd64.whl (156 kB)
2026-06-23 14:38:52.611 INFO     pip> Using cached pyopenssl-26.3.0-py3-none-any.whl (56 kB)
2026-06-23 14:38:52.614 INFO     pip> Using cached urllib3-1.25.11-py2.py3-none-any.whl (127 kB)
2026-06-23 14:38:52.618 INFO     pip> Using cached cryptography-49.0.0-cp311-abi3-win_amd64.whl (3.8 MB)
2026-06-23 14:38:52.631 INFO     pip> Using cached typing_extensions-4.15.0-py3-none-any.whl (44 kB)
2026-06-23 14:38:52.634 INFO     pip> Using cached cffi-2.0.0-cp311-cp311-win_amd64.whl (182 kB)
2026-06-23 14:38:52.637 INFO     pip> Using cached pycparser-3.0-py3-none-any.whl (48 kB)
2026-06-23 14:38:52.820 INFO     pip> Installing collected packages: chardet, urllib3, typing-extensions, six, shiboken6, python-osc, pylsqpack, pycparser, idna, certifi, requests, pyside6-essentials, cffi, cryptography, pyopenssl, aioquic
2026-06-23 14:38:55.888 INFO     pip> Successfully installed aioquic-0.9.21 certifi-2026.6.17 cffi-2.0.0 chardet-3.0.4 cryptography-49.0.0 idna-2.10 pycparser-3.0 pylsqpack-0.3.24 pyopenssl-26.3.0 pyside6-essentials-6.5.3 python-osc-1.8.3 requests-2.24.0 shiboken6-6.5.3 six-1.15.0 typing-extensions-4.15.0 urllib3-1.25.11
2026-06-23 14:39:01.289 INFO     pip install exited with code 0
